2025-09-10T10:28:26.306+05:30  INFO 980 --- [Long Distance Bus Backend] [main] o.e.l.LongDistanceBusBackendApplication  : Starting LongDistanceBusBackendApplication using Java 21.0.5 with PID 980 (E:\Long Distance Bus Backend\target\classes started by USER in E:\Long Distance Bus Backend)
2025-09-10T10:28:26.383+05:30  INFO 980 --- [Long Distance Bus Backend] [main] o.e.l.LongDistanceBusBackendApplication  : No active profile set, falling back to 1 default profile: "default"
2025-09-10T10:28:33.012+05:30  INFO 980 --- [Long Distance Bus Backend] [main] .s.d.r.c.RepositoryConfigurationDelegate : Bootstrapping Spring Data JPA repositories in DEFAULT mode.
2025-09-10T10:28:34.075+05:30  INFO 980 --- [Long Distance Bus Backend] [main] .s.d.r.c.RepositoryConfigurationDelegate : Finished Spring Data repository scanning in 1019 ms. Found 17 JPA repository interfaces.
2025-09-10T10:28:37.761+05:30  INFO 980 --- [Long Distance Bus Backend] [main] o.s.b.w.embedded.tomcat.TomcatWebServer  : Tomcat initialized with port 8080 (http)
2025-09-10T10:28:37.823+05:30  INFO 980 --- [Long Distance Bus Backend] [main] o.apache.catalina.core.StandardService   : Starting service [Tomcat]
2025-09-10T10:28:37.825+05:30  INFO 980 --- [Long Distance Bus Backend] [main] o.apache.catalina.core.StandardEngine    : Starting Servlet engine: [Apache Tomcat/10.1.44]
2025-09-10T10:28:38.278+05:30  INFO 980 --- [Long Distance Bus Backend] [main] o.a.c.c.C.[Tomcat].[localhost].[/]       : Initializing Spring embedded WebApplicationContext
2025-09-10T10:28:38.283+05:30  INFO 980 --- [Long Distance Bus Backend] [main] w.s.c.ServletWebServerApplicationContext : Root WebApplicationContext: initialization completed in 11131 ms
2025-09-10T10:28:39.471+05:30  INFO 980 --- [Long Distance Bus Backend] [main] o.hibernate.jpa.internal.util.LogHelper  : HHH000204: Processing PersistenceUnitInfo [name: default]
2025-09-10T10:28:39.976+05:30  INFO 980 --- [Long Distance Bus Backend] [main] org.hibernate.Version                    : HHH000412: Hibernate ORM core version 6.6.26.Final
2025-09-10T10:28:40.366+05:30  INFO 980 --- [Long Distance Bus Backend] [main] o.h.c.internal.RegionFactoryInitiator    : HHH000026: Second-level cache disabled
2025-09-10T10:28:42.640+05:30  INFO 980 --- [Long Distance Bus Backend] [main] o.s.o.j.p.SpringPersistenceUnitInfo      : No LoadTimeWeaver setup: ignoring JPA class transformer
2025-09-10T10:28:42.965+05:30  INFO 980 --- [Long Distance Bus Backend] [main] com.zaxxer.hikari.HikariDataSource       : HikariPool-1 - Starting...
2025-09-10T10:28:45.745+05:30  INFO 980 --- [Long Distance Bus Backend] [main] com.zaxxer.hikari.pool.HikariPool        : HikariPool-1 - Added connection com.mysql.cj.jdbc.ConnectionImpl@60bc308b
2025-09-10T10:28:45.754+05:30  INFO 980 --- [Long Distance Bus Backend] [main] com.zaxxer.hikari.HikariDataSource       : HikariPool-1 - Start completed.
2025-09-10T10:28:46.295+05:30  WARN 980 --- [Long Distance Bus Backend] [main] org.hibernate.orm.deprecation            : HHH90000025: MySQLDialect does not need to be specified explicitly using 'hibernate.dialect' (remove the property setting and it will be selected by default)
2025-09-10T10:28:46.423+05:30  INFO 980 --- [Long Distance Bus Backend] [main] org.hibernate.orm.connections.pooling    : HHH10001005: Database info:
	Database JDBC URL [Connecting through datasource 'HikariDataSource (HikariPool-1)']
	Database driver: undefined/unknown
	Database version: 8.0.36
	Autocommit mode: undefined/unknown
	Isolation level: undefined/unknown
	Minimum pool size: undefined/unknown
	Maximum pool size: undefined/unknown
2025-09-10T10:28:54.909+05:30  INFO 980 --- [Long Distance Bus Backend] [main] o.h.e.t.j.p.i.JtaPlatformInitiator       : HHH000489: No JTA platform available (set 'hibernate.transaction.jta.platform' to enable JTA platform integration)
2025-09-10T10:28:55.775+05:30  INFO 980 --- [Long Distance Bus Backend] [main] j.LocalContainerEntityManagerFactoryBean : Initialized JPA EntityManagerFactory for persistence unit 'default'
2025-09-10T10:29:01.599+05:30  INFO 980 --- [Long Distance Bus Backend] [main] o.s.d.j.r.query.QueryEnhancerFactory     : Hibernate is in classpath; If applicable, HQL parser will be used.
2025-09-10T10:29:08.909+05:30  WARN 980 --- [Long Distance Bus Backend] [main] JpaBaseConfiguration$JpaWebConfiguration : spring.jpa.open-in-view is enabled by default. Therefore, database queries may be performed during view rendering. Explicitly configure spring.jpa.open-in-view to disable this warning
2025-09-10T10:29:09.194+05:30  INFO 980 --- [Long Distance Bus Backend] [main] eAuthenticationProviderManagerConfigurer : Global AuthenticationManager configured with AuthenticationProvider bean with name authenticationProvider
2025-09-10T10:29:09.199+05:30  WARN 980 --- [Long Distance Bus Backend] [main] r$InitializeUserDetailsManagerConfigurer : Global AuthenticationManager configured with an AuthenticationProvider bean. UserDetailsService beans will not be used by Spring Security for automatically configuring username/password login. Consider removing the AuthenticationProvider bean. Alternatively, consider using the UserDetailsService in a manually instantiated DaoAuthenticationProvider. If the current configuration is intentional, to turn off this warning, increase the logging level of 'org.springframework.security.config.annotation.authentication.configuration.InitializeUserDetailsBeanManagerConfigurer' to ERROR
2025-09-10T10:29:12.879+05:30  INFO 980 --- [Long Distance Bus Backend] [main] o.s.b.w.embedded.tomcat.TomcatWebServer  : Tomcat started on port 8080 (http) with context path '/'
2025-09-10T10:29:12.916+05:30  INFO 980 --- [Long Distance Bus Backend] [main] o.e.l.LongDistanceBusBackendApplication  : Started LongDistanceBusBackendApplication in 49.553 seconds (process running for 58.953)
2025-09-10T10:30:14.709+05:30  INFO 980 --- [Long Distance Bus Backend] [http-nio-8080-exec-1] o.a.c.c.C.[Tomcat].[localhost].[/]       : Initializing Spring DispatcherServlet 'dispatcherServlet'
2025-09-10T10:30:14.711+05:30  INFO 980 --- [Long Distance Bus Backend] [http-nio-8080-exec-1] o.s.web.servlet.DispatcherServlet        : Initializing Servlet 'dispatcherServlet'
2025-09-10T10:30:14.719+05:30  INFO 980 --- [Long Distance Bus Backend] [http-nio-8080-exec-1] o.s.web.servlet.DispatcherServlet        : Completed initialization in 5 ms
2025-09-10T10:30:23.208+05:30  INFO 980 --- [Long Distance Bus Backend] [http-nio-8080-exec-2] o.e.l.service.impl.EmailService          : ✅ Login notification email sent to ireshchathuranga63309@gmail.com
2025-09-10T10:46:46.433+05:30  INFO 9356 --- [Long Distance Bus Backend] [main] o.e.l.LongDistanceBusBackendApplication  : Starting LongDistanceBusBackendApplication using Java 21.0.5 with PID 9356 (E:\Long Distance Bus Backend\target\classes started by USER in E:\Long Distance Bus Backend)
2025-09-10T10:46:46.441+05:30  INFO 9356 --- [Long Distance Bus Backend] [main] o.e.l.LongDistanceBusBackendApplication  : No active profile set, falling back to 1 default profile: "default"
2025-09-10T10:46:51.118+05:30  INFO 9356 --- [Long Distance Bus Backend] [main] .s.d.r.c.RepositoryConfigurationDelegate : Bootstrapping Spring Data JPA repositories in DEFAULT mode.
2025-09-10T10:46:51.649+05:30  INFO 9356 --- [Long Distance Bus Backend] [main] .s.d.r.c.RepositoryConfigurationDelegate : Finished Spring Data repository scanning in 494 ms. Found 17 JPA repository interfaces.
2025-09-10T10:46:54.353+05:30  INFO 9356 --- [Long Distance Bus Backend] [main] o.s.b.w.embedded.tomcat.TomcatWebServer  : Tomcat initialized with port 8080 (http)
2025-09-10T10:46:54.406+05:30  INFO 9356 --- [Long Distance Bus Backend] [main] o.apache.catalina.core.StandardService   : Starting service [Tomcat]
2025-09-10T10:46:54.408+05:30  INFO 9356 --- [Long Distance Bus Backend] [main] o.apache.catalina.core.StandardEngine    : Starting Servlet engine: [Apache Tomcat/10.1.44]
2025-09-10T10:46:54.720+05:30  INFO 9356 --- [Long Distance Bus Backend] [main] o.a.c.c.C.[Tomcat].[localhost].[/]       : Initializing Spring embedded WebApplicationContext
2025-09-10T10:46:54.722+05:30  INFO 9356 --- [Long Distance Bus Backend] [main] w.s.c.ServletWebServerApplicationContext : Root WebApplicationContext: initialization completed in 7731 ms
2025-09-10T10:46:55.515+05:30  INFO 9356 --- [Long Distance Bus Backend] [main] o.hibernate.jpa.internal.util.LogHelper  : HHH000204: Processing PersistenceUnitInfo [name: default]
2025-09-10T10:46:55.810+05:30  INFO 9356 --- [Long Distance Bus Backend] [main] org.hibernate.Version                    : HHH000412: Hibernate ORM core version 6.6.26.Final
2025-09-10T10:46:55.981+05:30  INFO 9356 --- [Long Distance Bus Backend] [main] o.h.c.internal.RegionFactoryInitiator    : HHH000026: Second-level cache disabled
2025-09-10T10:46:57.441+05:30  INFO 9356 --- [Long Distance Bus Backend] [main] o.s.o.j.p.SpringPersistenceUnitInfo      : No LoadTimeWeaver setup: ignoring JPA class transformer
2025-09-10T10:46:57.584+05:30  INFO 9356 --- [Long Distance Bus Backend] [main] com.zaxxer.hikari.HikariDataSource       : HikariPool-1 - Starting...
2025-09-10T10:46:59.544+05:30  INFO 9356 --- [Long Distance Bus Backend] [main] com.zaxxer.hikari.pool.HikariPool        : HikariPool-1 - Added connection com.mysql.cj.jdbc.ConnectionImpl@2d3b0978
2025-09-10T10:46:59.552+05:30  INFO 9356 --- [Long Distance Bus Backend] [main] com.zaxxer.hikari.HikariDataSource       : HikariPool-1 - Start completed.
2025-09-10T10:46:59.858+05:30  WARN 9356 --- [Long Distance Bus Backend] [main] org.hibernate.orm.deprecation            : HHH90000025: MySQLDialect does not need to be specified explicitly using 'hibernate.dialect' (remove the property setting and it will be selected by default)
2025-09-10T10:46:59.996+05:30  INFO 9356 --- [Long Distance Bus Backend] [main] org.hibernate.orm.connections.pooling    : HHH10001005: Database info:
	Database JDBC URL [Connecting through datasource 'HikariDataSource (HikariPool-1)']
	Database driver: undefined/unknown
	Database version: 8.0.36
	Autocommit mode: undefined/unknown
	Isolation level: undefined/unknown
	Minimum pool size: undefined/unknown
	Maximum pool size: undefined/unknown
2025-09-10T10:47:07.220+05:30  INFO 9356 --- [Long Distance Bus Backend] [main] o.h.e.t.j.p.i.JtaPlatformInitiator       : HHH000489: No JTA platform available (set 'hibernate.transaction.jta.platform' to enable JTA platform integration)
2025-09-10T10:47:07.952+05:30  INFO 9356 --- [Long Distance Bus Backend] [main] j.LocalContainerEntityManagerFactoryBean : Initialized JPA EntityManagerFactory for persistence unit 'default'
2025-09-10T10:47:12.826+05:30  INFO 9356 --- [Long Distance Bus Backend] [main] o.s.d.j.r.query.QueryEnhancerFactory     : Hibernate is in classpath; If applicable, HQL parser will be used.
2025-09-10T10:47:19.224+05:30  WARN 9356 --- [Long Distance Bus Backend] [main] JpaBaseConfiguration$JpaWebConfiguration : spring.jpa.open-in-view is enabled by default. Therefore, database queries may be performed during view rendering. Explicitly configure spring.jpa.open-in-view to disable this warning
2025-09-10T10:47:19.404+05:30  INFO 9356 --- [Long Distance Bus Backend] [main] eAuthenticationProviderManagerConfigurer : Global AuthenticationManager configured with AuthenticationProvider bean with name authenticationProvider
2025-09-10T10:47:19.407+05:30  WARN 9356 --- [Long Distance Bus Backend] [main] r$InitializeUserDetailsManagerConfigurer : Global AuthenticationManager configured with an AuthenticationProvider bean. UserDetailsService beans will not be used by Spring Security for automatically configuring username/password login. Consider removing the AuthenticationProvider bean. Alternatively, consider using the UserDetailsService in a manually instantiated DaoAuthenticationProvider. If the current configuration is intentional, to turn off this warning, increase the logging level of 'org.springframework.security.config.annotation.authentication.configuration.InitializeUserDetailsBeanManagerConfigurer' to ERROR
2025-09-10T10:47:22.265+05:30  INFO 9356 --- [Long Distance Bus Backend] [main] o.s.b.w.embedded.tomcat.TomcatWebServer  : Tomcat started on port 8080 (http) with context path '/'
2025-09-10T10:47:22.295+05:30  INFO 9356 --- [Long Distance Bus Backend] [main] o.e.l.LongDistanceBusBackendApplication  : Started LongDistanceBusBackendApplication in 38.941 seconds (process running for 42.475)
2025-09-10T10:47:52.738+05:30  INFO 9356 --- [Long Distance Bus Backend] [http-nio-8080-exec-2] o.a.c.c.C.[Tomcat].[localhost].[/]       : Initializing Spring DispatcherServlet 'dispatcherServlet'
2025-09-10T10:47:52.739+05:30  INFO 9356 --- [Long Distance Bus Backend] [http-nio-8080-exec-2] o.s.web.servlet.DispatcherServlet        : Initializing Servlet 'dispatcherServlet'
2025-09-10T10:47:52.749+05:30  INFO 9356 --- [Long Distance Bus Backend] [http-nio-8080-exec-2] o.s.web.servlet.DispatcherServlet        : Completed initialization in 9 ms
2025-09-10T10:50:41.683+05:30  INFO 9356 --- [Long Distance Bus Backend] [http-nio-8080-exec-6] o.e.l.service.impl.EmailService          : ✅ Login notification email sent to ireshchathuranga63309@gmail.com
2025-09-10T12:08:32.406+05:30  INFO 9356 --- [Long Distance Bus Backend] [SpringApplicationShutdownHook] o.s.b.w.e.tomcat.GracefulShutdown        : Commencing graceful shutdown. Waiting for active requests to complete
2025-09-10T12:08:32.485+05:30  INFO 9356 --- [Long Distance Bus Backend] [tomcat-shutdown] o.s.b.w.e.tomcat.GracefulShutdown        : Graceful shutdown complete
2025-09-10T12:08:32.611+05:30  INFO 9356 --- [Long Distance Bus Backend] [SpringApplicationShutdownHook] j.LocalContainerEntityManagerFactoryBean : Closing JPA EntityManagerFactory for persistence unit 'default'
2025-09-10T12:08:32.738+05:30  INFO 9356 --- [Long Distance Bus Backend] [SpringApplicationShutdownHook] com.zaxxer.hikari.HikariDataSource       : HikariPool-1 - Shutdown initiated...
2025-09-10T12:08:32.803+05:30  INFO 9356 --- [Long Distance Bus Backend] [SpringApplicationShutdownHook] com.zaxxer.hikari.HikariDataSource       : HikariPool-1 - Shutdown completed.
2025-09-10T12:09:04.945+05:30  INFO 6616 --- [Long Distance Bus Backend] [main] o.e.l.LongDistanceBusBackendApplication  : Starting LongDistanceBusBackendApplication using Java 21.0.5 with PID 6616 (E:\Long Distance Bus Backend\target\classes started by USER in E:\Long Distance Bus Backend)
2025-09-10T12:09:04.953+05:30  INFO 6616 --- [Long Distance Bus Backend] [main] o.e.l.LongDistanceBusBackendApplication  : No active profile set, falling back to 1 default profile: "default"
2025-09-10T12:09:09.891+05:30  INFO 6616 --- [Long Distance Bus Backend] [main] .s.d.r.c.RepositoryConfigurationDelegate : Bootstrapping Spring Data JPA repositories in DEFAULT mode.
2025-09-10T12:09:10.985+05:30  INFO 6616 --- [Long Distance Bus Backend] [main] .s.d.r.c.RepositoryConfigurationDelegate : Finished Spring Data repository scanning in 1050 ms. Found 17 JPA repository interfaces.
2025-09-10T12:09:14.533+05:30  INFO 6616 --- [Long Distance Bus Backend] [main] o.s.b.w.embedded.tomcat.TomcatWebServer  : Tomcat initialized with port 8080 (http)
2025-09-10T12:09:14.589+05:30  INFO 6616 --- [Long Distance Bus Backend] [main] o.apache.catalina.core.StandardService   : Starting service [Tomcat]
2025-09-10T12:09:14.591+05:30  INFO 6616 --- [Long Distance Bus Backend] [main] o.apache.catalina.core.StandardEngine    : Starting Servlet engine: [Apache Tomcat/10.1.44]
2025-09-10T12:09:14.892+05:30  INFO 6616 --- [Long Distance Bus Backend] [main] o.a.c.c.C.[Tomcat].[localhost].[/]       : Initializing Spring embedded WebApplicationContext
2025-09-10T12:09:14.894+05:30  INFO 6616 --- [Long Distance Bus Backend] [main] w.s.c.ServletWebServerApplicationContext : Root WebApplicationContext: initialization completed in 9658 ms
2025-09-10T12:09:15.618+05:30  INFO 6616 --- [Long Distance Bus Backend] [main] o.hibernate.jpa.internal.util.LogHelper  : HHH000204: Processing PersistenceUnitInfo [name: default]
2025-09-10T12:09:15.913+05:30  INFO 6616 --- [Long Distance Bus Backend] [main] org.hibernate.Version                    : HHH000412: Hibernate ORM core version 6.6.26.Final
2025-09-10T12:09:16.148+05:30  INFO 6616 --- [Long Distance Bus Backend] [main] o.h.c.internal.RegionFactoryInitiator    : HHH000026: Second-level cache disabled
2025-09-10T12:09:17.637+05:30  INFO 6616 --- [Long Distance Bus Backend] [main] o.s.o.j.p.SpringPersistenceUnitInfo      : No LoadTimeWeaver setup: ignoring JPA class transformer
2025-09-10T12:09:17.786+05:30  INFO 6616 --- [Long Distance Bus Backend] [main] com.zaxxer.hikari.HikariDataSource       : HikariPool-1 - Starting...
2025-09-10T12:09:19.450+05:30  INFO 6616 --- [Long Distance Bus Backend] [main] com.zaxxer.hikari.pool.HikariPool        : HikariPool-1 - Added connection com.mysql.cj.jdbc.ConnectionImpl@af9dd34
2025-09-10T12:09:19.459+05:30  INFO 6616 --- [Long Distance Bus Backend] [main] com.zaxxer.hikari.HikariDataSource       : HikariPool-1 - Start completed.
2025-09-10T12:09:19.841+05:30  WARN 6616 --- [Long Distance Bus Backend] [main] org.hibernate.orm.deprecation            : HHH90000025: MySQLDialect does not need to be specified explicitly using 'hibernate.dialect' (remove the property setting and it will be selected by default)
2025-09-10T12:09:19.958+05:30  INFO 6616 --- [Long Distance Bus Backend] [main] org.hibernate.orm.connections.pooling    : HHH10001005: Database info:
	Database JDBC URL [Connecting through datasource 'HikariDataSource (HikariPool-1)']
	Database driver: undefined/unknown
	Database version: 8.0.36
	Autocommit mode: undefined/unknown
	Isolation level: undefined/unknown
	Minimum pool size: undefined/unknown
	Maximum pool size: undefined/unknown
2025-09-10T12:09:25.982+05:30  INFO 6616 --- [Long Distance Bus Backend] [main] o.h.e.t.j.p.i.JtaPlatformInitiator       : HHH000489: No JTA platform available (set 'hibernate.transaction.jta.platform' to enable JTA platform integration)
2025-09-10T12:09:26.796+05:30  INFO 6616 --- [Long Distance Bus Backend] [main] j.LocalContainerEntityManagerFactoryBean : Initialized JPA EntityManagerFactory for persistence unit 'default'
2025-09-10T12:09:31.340+05:30  INFO 6616 --- [Long Distance Bus Backend] [main] o.s.d.j.r.query.QueryEnhancerFactory     : Hibernate is in classpath; If applicable, HQL parser will be used.
2025-09-10T12:09:38.125+05:30  WARN 6616 --- [Long Distance Bus Backend] [main] JpaBaseConfiguration$JpaWebConfiguration : spring.jpa.open-in-view is enabled by default. Therefore, database queries may be performed during view rendering. Explicitly configure spring.jpa.open-in-view to disable this warning
2025-09-10T12:09:38.320+05:30  INFO 6616 --- [Long Distance Bus Backend] [main] eAuthenticationProviderManagerConfigurer : Global AuthenticationManager configured with AuthenticationProvider bean with name authenticationProvider
2025-09-10T12:09:38.323+05:30  WARN 6616 --- [Long Distance Bus Backend] [main] r$InitializeUserDetailsManagerConfigurer : Global AuthenticationManager configured with an AuthenticationProvider bean. UserDetailsService beans will not be used by Spring Security for automatically configuring username/password login. Consider removing the AuthenticationProvider bean. Alternatively, consider using the UserDetailsService in a manually instantiated DaoAuthenticationProvider. If the current configuration is intentional, to turn off this warning, increase the logging level of 'org.springframework.security.config.annotation.authentication.configuration.InitializeUserDetailsBeanManagerConfigurer' to ERROR
2025-09-10T12:09:41.442+05:30  INFO 6616 --- [Long Distance Bus Backend] [main] o.s.b.w.embedded.tomcat.TomcatWebServer  : Tomcat started on port 8080 (http) with context path '/'
2025-09-10T12:09:41.473+05:30  INFO 6616 --- [Long Distance Bus Backend] [main] o.e.l.LongDistanceBusBackendApplication  : Started LongDistanceBusBackendApplication in 38.762 seconds (process running for 43.897)
2025-09-10T12:10:14.889+05:30  INFO 6616 --- [Long Distance Bus Backend] [http-nio-8080-exec-1] o.a.c.c.C.[Tomcat].[localhost].[/]       : Initializing Spring DispatcherServlet 'dispatcherServlet'
2025-09-10T12:10:14.890+05:30  INFO 6616 --- [Long Distance Bus Backend] [http-nio-8080-exec-1] o.s.web.servlet.DispatcherServlet        : Initializing Servlet 'dispatcherServlet'
2025-09-10T12:10:14.894+05:30  INFO 6616 --- [Long Distance Bus Backend] [http-nio-8080-exec-1] o.s.web.servlet.DispatcherServlet        : Completed initialization in 4 ms
2025-09-10T12:10:22.261+05:30  INFO 6616 --- [Long Distance Bus Backend] [http-nio-8080-exec-2] o.e.l.service.impl.EmailService          : ✅ Login notification email sent to ireshchathuranga63309@gmail.com
2025-09-10T12:44:08.331+05:30  INFO 6616 --- [Long Distance Bus Backend] [SpringApplicationShutdownHook] o.s.b.w.e.tomcat.GracefulShutdown        : Commencing graceful shutdown. Waiting for active requests to complete
2025-09-10T12:44:08.588+05:30  INFO 6616 --- [Long Distance Bus Backend] [tomcat-shutdown] o.s.b.w.e.tomcat.GracefulShutdown        : Graceful shutdown complete
2025-09-10T12:44:08.756+05:30  INFO 6616 --- [Long Distance Bus Backend] [SpringApplicationShutdownHook] j.LocalContainerEntityManagerFactoryBean : Closing JPA EntityManagerFactory for persistence unit 'default'
2025-09-10T12:44:09.031+05:30  INFO 6616 --- [Long Distance Bus Backend] [SpringApplicationShutdownHook] com.zaxxer.hikari.HikariDataSource       : HikariPool-1 - Shutdown initiated...
2025-09-10T12:44:09.078+05:30  INFO 6616 --- [Long Distance Bus Backend] [SpringApplicationShutdownHook] com.zaxxer.hikari.HikariDataSource       : HikariPool-1 - Shutdown completed.
